mode: set
project3/controllers/booking_controller.go:18.53,32.50 12 0
project3/controllers/booking_controller.go:37.2,38.16 2 0
project3/controllers/booking_controller.go:43.2,43.32 1 0
project3/controllers/booking_controller.go:49.2,50.26 2 0
project3/controllers/booking_controller.go:54.2,55.16 2 0
project3/controllers/booking_controller.go:59.2,67.4 4 0
project3/controllers/booking_controller.go:32.50,34.3 1 0
project3/controllers/booking_controller.go:38.16,40.3 1 0
project3/controllers/booking_controller.go:43.32,44.199 1 0
project3/controllers/booking_controller.go:44.199,46.4 1 0
project3/controllers/booking_controller.go:50.26,52.3 1 0
project3/controllers/booking_controller.go:55.16,57.3 1 0
project3/controllers/booking_controller.go:70.53,72.16 2 0
project3/controllers/booking_controller.go:75.2,76.16 2 0
project3/controllers/booking_controller.go:79.2,79.17 1 0
project3/controllers/booking_controller.go:82.2,82.66 1 0
project3/controllers/booking_controller.go:72.16,74.3 1 0
project3/controllers/booking_controller.go:76.16,78.3 1 0
project3/controllers/booking_controller.go:79.17,81.3 1 0
project3/controllers/booking_controller.go:85.52,87.16 2 0
project3/controllers/booking_controller.go:90.2,91.23 2 0
project3/controllers/booking_controller.go:94.2,95.65 2 0
project3/controllers/booking_controller.go:87.16,89.3 1 0
project3/controllers/booking_controller.go:91.23,93.3 1 0
project3/controllers/booking_controller.go:98.57,101.16 3 1
project3/controllers/booking_controller.go:104.2,105.16 2 1
project3/controllers/booking_controller.go:108.2,108.17 1 1
project3/controllers/booking_controller.go:111.2,111.66 1 1
project3/controllers/booking_controller.go:101.16,103.3 1 1
project3/controllers/booking_controller.go:105.16,107.3 1 1
project3/controllers/booking_controller.go:108.17,110.3 1 1
project3/controllers/booking_controller.go:114.57,117.16 3 0
project3/controllers/booking_controller.go:120.2,121.16 2 0
project3/controllers/booking_controller.go:124.2,124.17 1 0
project3/controllers/booking_controller.go:127.2,127.66 1 0
project3/controllers/booking_controller.go:117.16,119.3 1 0
project3/controllers/booking_controller.go:121.16,123.3 1 0
project3/controllers/booking_controller.go:124.17,126.3 1 0
project3/controllers/booking_controller.go:141.55,145.16 4 0
project3/controllers/booking_controller.go:149.2,150.16 2 0
project3/controllers/booking_controller.go:154.2,158.91 4 0
project3/controllers/booking_controller.go:161.2,161.50 1 0
project3/controllers/booking_controller.go:165.2,165.32 1 0
project3/controllers/booking_controller.go:170.2,170.63 1 0
project3/controllers/booking_controller.go:145.16,147.3 1 0
project3/controllers/booking_controller.go:150.16,152.3 1 0
project3/controllers/booking_controller.go:158.91,160.3 1 0
project3/controllers/booking_controller.go:161.50,163.3 1 0
project3/controllers/booking_controller.go:165.32,166.199 1 0
project3/controllers/booking_controller.go:166.199,168.4 1 0
project3/controllers/checkout.go:21.53,24.39 3 0
project3/controllers/checkout.go:28.2,28.32 1 0
project3/controllers/checkout.go:35.2,37.16 3 0
project3/controllers/checkout.go:40.2,41.37 2 0
project3/controllers/checkout.go:46.2,46.19 1 0
project3/controllers/checkout.go:53.2,53.146 1 0
project3/controllers/checkout.go:60.2,63.16 4 0
project3/controllers/checkout.go:67.2,67.32 1 0
project3/controllers/checkout.go:71.2,71.35 1 0
project3/controllers/checkout.go:75.2,92.16 3 0
project3/controllers/checkout.go:96.2,106.16 7 0
project3/controllers/checkout.go:109.2,112.16 3 0
project3/controllers/checkout.go:116.2,119.94 3 0
project3/controllers/checkout.go:24.39,26.3 1 0
project3/controllers/checkout.go:28.32,33.3 1 0
project3/controllers/checkout.go:37.16,39.3 1 0
project3/controllers/checkout.go:41.37,44.3 2 0
project3/controllers/checkout.go:46.19,51.3 1 0
project3/controllers/checkout.go:53.146,58.3 1 0
project3/controllers/checkout.go:63.16,65.3 1 0
project3/controllers/checkout.go:67.32,69.3 1 0
project3/controllers/checkout.go:71.35,73.3 1 0
project3/controllers/checkout.go:92.16,94.3 1 0
project3/controllers/checkout.go:106.16,108.3 1 0
project3/controllers/checkout.go:112.16,114.3 1 0
project3/controllers/checkout.go:122.40,127.2 1 0
project3/controllers/checkout.go:129.56,132.39 3 0
project3/controllers/checkout.go:136.2,136.32 1 0
project3/controllers/checkout.go:143.2,143.23 1 0
project3/controllers/checkout.go:150.2,152.16 3 0
project3/controllers/checkout.go:155.2,156.37 2 0
project3/controllers/checkout.go:161.2,161.19 1 0
project3/controllers/checkout.go:168.2,168.25 1 0
project3/controllers/checkout.go:175.2,178.16 4 0
project3/controllers/checkout.go:183.2,200.16 3 0
project3/controllers/checkout.go:204.2,214.16 7 0
project3/controllers/checkout.go:217.2,220.16 3 0
project3/controllers/checkout.go:224.2,227.100 3 0
project3/controllers/checkout.go:132.39,134.3 1 0
project3/controllers/checkout.go:136.32,141.3 1 0
project3/controllers/checkout.go:143.23,148.3 1 0
project3/controllers/checkout.go:152.16,154.3 1 0
project3/controllers/checkout.go:156.37,159.3 2 0
project3/controllers/checkout.go:161.19,166.3 1 0
project3/controllers/checkout.go:168.25,173.3 1 0
project3/controllers/checkout.go:178.16,180.3 1 0
project3/controllers/checkout.go:200.16,202.3 1 0
project3/controllers/checkout.go:214.16,216.3 1 0
project3/controllers/checkout.go:220.16,222.3 1 0
project3/controllers/product_controllers.go:24.53,34.24 8 0
project3/controllers/product_controllers.go:37.2,39.21 3 0
project3/controllers/product_controllers.go:42.2,44.31 3 0
project3/controllers/product_controllers.go:47.2,48.21 2 0
project3/controllers/product_controllers.go:51.2,62.16 9 0
project3/controllers/product_controllers.go:67.2,68.16 2 0
project3/controllers/product_controllers.go:72.2,73.18 2 0
project3/controllers/product_controllers.go:77.2,78.16 2 0
project3/controllers/product_controllers.go:82.2,82.29 1 0
project3/controllers/product_controllers.go:134.2,134.43 1 0
project3/controllers/product_controllers.go:145.2,148.4 1 0
project3/controllers/product_controllers.go:34.24,36.3 1 0
project3/controllers/product_controllers.go:39.21,41.3 1 0
project3/controllers/product_controllers.go:44.31,46.3 1 0
project3/controllers/product_controllers.go:48.21,50.3 1 0
project3/controllers/product_controllers.go:62.16,64.3 1 0
project3/controllers/product_controllers.go:68.16,70.3 1 0
project3/controllers/product_controllers.go:73.18,75.3 1 0
project3/controllers/product_controllers.go:78.16,80.3 1 0
project3/controllers/product_controllers.go:82.29,83.34 1 0
project3/controllers/product_controllers.go:91.3,92.17 2 0
project3/controllers/product_controllers.go:95.3,97.101 2 0
project3/controllers/product_controllers.go:107.3,109.45 2 0
project3/controllers/product_controllers.go:113.3,113.36 1 0
project3/controllers/product_controllers.go:117.3,118.17 2 0
project3/controllers/product_controllers.go:121.3,127.17 3 0
project3/controllers/product_controllers.go:83.34,89.4 2 0
project3/controllers/product_controllers.go:92.17,94.4 1 0
project3/controllers/product_controllers.go:97.101,98.54 1 0
project3/controllers/product_controllers.go:98.54,104.5 2 0
project3/controllers/product_controllers.go:109.45,111.4 1 0
project3/controllers/product_controllers.go:113.36,115.4 1 0
project3/controllers/product_controllers.go:118.17,120.4 1 0
project3/controllers/product_controllers.go:127.17,129.4 1 0
project3/controllers/product_controllers.go:134.43,140.17 3 0
project3/controllers/product_controllers.go:140.17,142.4 1 0
project3/controllers/product_controllers.go:152.53,154.16 2 1
project3/controllers/product_controllers.go:157.2,157.20 1 1
project3/controllers/product_controllers.go:160.2,160.69 1 0
project3/controllers/product_controllers.go:154.16,156.3 1 1
project3/controllers/product_controllers.go:157.20,159.3 1 1
project3/controllers/product_controllers.go:164.53,166.16 2 0
project3/controllers/product_controllers.go:169.2,170.16 2 0
project3/controllers/product_controllers.go:173.2,173.20 1 0
project3/controllers/product_controllers.go:176.2,178.69 3 0
project3/controllers/product_controllers.go:166.16,168.3 1 0
project3/controllers/product_controllers.go:170.16,172.3 1 0
project3/controllers/product_controllers.go:173.20,175.3 1 0
project3/controllers/product_controllers.go:182.65,184.16 2 0
project3/controllers/product_controllers.go:187.2,188.16 2 0
project3/controllers/product_controllers.go:191.2,191.20 1 0
project3/controllers/product_controllers.go:194.2,194.69 1 0
project3/controllers/product_controllers.go:184.16,186.3 1 0
project3/controllers/product_controllers.go:188.16,190.3 1 0
project3/controllers/product_controllers.go:191.20,193.3 1 0
project3/controllers/product_controllers.go:198.58,201.16 3 0
project3/controllers/product_controllers.go:204.2,204.20 1 0
project3/controllers/product_controllers.go:207.2,207.69 1 0
project3/controllers/product_controllers.go:201.16,203.3 1 0
project3/controllers/product_controllers.go:204.20,206.3 1 0
project3/controllers/product_controllers.go:210.56,212.16 2 0
project3/controllers/product_controllers.go:215.2,216.31 2 0
project3/controllers/product_controllers.go:219.2,220.22 2 0
project3/controllers/product_controllers.go:223.2,224.65 2 0
project3/controllers/product_controllers.go:212.16,214.3 1 0
project3/controllers/product_controllers.go:216.31,218.3 1 0
project3/controllers/product_controllers.go:220.22,222.3 1 0
project3/controllers/review_controller.go:14.49,16.16 2 0
project3/controllers/review_controller.go:19.2,24.16 6 0
project3/controllers/review_controller.go:28.2,28.28 1 0
project3/controllers/review_controller.go:31.2,32.32 2 0
project3/controllers/review_controller.go:36.2,36.45 1 0
project3/controllers/review_controller.go:42.2,45.16 4 0
project3/controllers/review_controller.go:51.2,52.16 2 0
project3/controllers/review_controller.go:55.2,55.65 1 0
project3/controllers/review_controller.go:16.16,18.3 1 0
project3/controllers/review_controller.go:24.16,26.3 1 0
project3/controllers/review_controller.go:28.28,30.3 1 0
project3/controllers/review_controller.go:32.32,34.3 1 0
project3/controllers/review_controller.go:36.45,41.3 1 0
project3/controllers/review_controller.go:45.16,50.3 1 0
project3/controllers/review_controller.go:52.16,54.3 1 0
project3/controllers/users_controllers.go:16.50,20.91 4 0
project3/controllers/users_controllers.go:23.2,23.25 1 0
project3/controllers/users_controllers.go:26.2,26.28 1 0
project3/controllers/users_controllers.go:29.2,31.22 3 0
project3/controllers/users_controllers.go:34.2,34.22 1 0
project3/controllers/users_controllers.go:37.2,37.29 1 0
project3/controllers/users_controllers.go:40.2,42.14 3 0
project3/controllers/users_controllers.go:45.2,46.16 2 0
project3/controllers/users_controllers.go:49.2,53.16 3 0
project3/controllers/users_controllers.go:56.2,56.65 1 0
project3/controllers/users_controllers.go:20.91,22.3 1 0
project3/controllers/users_controllers.go:23.25,25.3 1 0
project3/controllers/users_controllers.go:26.28,28.3 1 0
project3/controllers/users_controllers.go:31.22,33.3 1 0
project3/controllers/users_controllers.go:34.22,36.3 1 0
project3/controllers/users_controllers.go:37.29,39.3 1 0
project3/controllers/users_controllers.go:42.14,44.3 1 0
project3/controllers/users_controllers.go:46.16,48.3 1 0
project3/controllers/users_controllers.go:53.16,55.3 1 0
project3/controllers/users_controllers.go:59.47,62.31 3 0
project3/controllers/users_controllers.go:65.2,65.66 1 0
project3/controllers/users_controllers.go:62.31,64.3 1 0
project3/controllers/users_controllers.go:68.50,73.91 5 0
project3/controllers/users_controllers.go:76.2,76.25 1 0
project3/controllers/users_controllers.go:79.2,79.28 1 0
project3/controllers/users_controllers.go:82.2,84.22 3 0
project3/controllers/users_controllers.go:87.2,87.22 1 0
project3/controllers/users_controllers.go:90.2,90.29 1 0
project3/controllers/users_controllers.go:93.2,95.14 3 0
project3/controllers/users_controllers.go:98.2,99.16 2 0
project3/controllers/users_controllers.go:102.2,102.65 1 0
project3/controllers/users_controllers.go:73.91,75.3 1 0
project3/controllers/users_controllers.go:76.25,78.3 1 0
project3/controllers/users_controllers.go:79.28,81.3 1 0
project3/controllers/users_controllers.go:84.22,86.3 1 0
project3/controllers/users_controllers.go:87.22,89.3 1 0
project3/controllers/users_controllers.go:90.29,92.3 1 0
project3/controllers/users_controllers.go:95.14,97.3 1 0
project3/controllers/users_controllers.go:99.16,101.3 1 0
project3/controllers/users_controllers.go:105.50,108.16 3 0
project3/controllers/users_controllers.go:111.2,111.65 1 0
project3/controllers/users_controllers.go:108.16,110.3 1 0
project3/controllers/users_controllers.go:115.49,121.45 6 0
project3/controllers/users_controllers.go:131.2,131.68 1 0
project3/controllers/users_controllers.go:121.45,123.3 1 0
project3/controllers/users_controllers.go:123.8,123.52 1 0
project3/controllers/users_controllers.go:123.52,125.3 1 0
project3/controllers/users_controllers.go:125.8,125.21 1 0
project3/controllers/users_controllers.go:125.21,127.3 1 0
project3/controllers/users_controllers.go:127.8,127.37 1 0
project3/controllers/users_controllers.go:127.37,129.3 1 0
project3/controllers/users_controllers.go:134.48,136.2 1 0
project3/controllers/users_controllers.go:138.51,140.2 1 0
project3/controllers/users_controllers.go:142.51,144.2 1 0
